c:\users\angel.torres\documents\audio\practica 6\programacionaudio\project\debug\vc141.pdb
c:\users\angel.torres\documents\audio\practica 6\programacionaudio\project\debug\vc141.idb
c:\users\angel.torres\documents\audio\practica 6\programacionaudio\project\debug\audiobuffer.obj
c:\users\angel.torres\documents\audio\practica 6\programacionaudio\project\debug\audiolistener.obj
c:\users\angel.torres\documents\audio\practica 6\programacionaudio\project\debug\audiosource.obj
c:\users\angel.torres\documents\audio\practica 6\programacionaudio\project\debug\collider.obj
c:\users\angel.torres\documents\audio\practica 6\programacionaudio\project\debug\engine.obj
c:\users\angel.torres\documents\audio\practica 6\programacionaudio\project\debug\font.obj
c:\users\angel.torres\documents\audio\practica 6\programacionaudio\project\debug\main.obj
c:\users\angel.torres\documents\audio\practica 6\programacionaudio\project\debug\sprite.obj
c:\users\angel.torres\documents\audio\practica 6\programacionaudio\project\debug\vec2.obj
c:\users\angel.torres\documents\audio\practica 6\programacionaudio\project\debug\world.obj
c:\users\angel.torres\documents\audio\practica 6\programacionaudio\project\debug\stb_vorbis.obj
d:\documentos\practica 6\programacionaudio\project\debug\vc141.pdb
d:\documentos\practica 6\programacionaudio\project\debug\vc141.idb
d:\documentos\practica 6\programacionaudio\project\debug\audiobuffer.obj
d:\documentos\practica 6\programacionaudio\project\debug\audiolistener.obj
d:\documentos\practica 6\programacionaudio\project\debug\collider.obj
d:\documentos\practica 6\programacionaudio\project\debug\engine.obj
d:\documentos\practica 6\programacionaudio\project\debug\font.obj
d:\documentos\practica 6\programacionaudio\project\debug\sprite.obj
d:\documentos\practica 6\programacionaudio\project\debug\vec2.obj
d:\documentos\practica 6\programacionaudio\project\debug\world.obj
d:\documentos\practica 6\programacionaudio\project\debug\audiostream.obj
d:\documentos\practica 6\programacionaudio\project\debug\audiosource.obj
d:\documentos\practica 6\programacionaudio\project\debug\main.obj
d:\documentos\practica 6\programacionaudio\project\debug\stb_vorbis.obj
c:\users\angel.torres\documents\audio\practica 6\programacionaudio\project\debug\programacionaudio.exe
c:\users\angel.torres\documents\audio\practica 6\programacionaudio\project\debug\programacionaudio.ilk
c:\users\angel.torres\documents\audio\practica 6\programacionaudio\project\debug\programacionaudio.pdb
d:\documentos\practica 6\programacionaudio\project\debug\programacionaudio.pdb
d:\documentos\practica 6\programacionaudio\project\debug\programa.12c74402.tlog\cl.command.1.tlog
d:\documentos\practica 6\programacionaudio\project\debug\programa.12c74402.tlog\cl.read.1.tlog
d:\documentos\practica 6\programacionaudio\project\debug\programa.12c74402.tlog\cl.write.1.tlog
d:\documentos\practica 6\programacionaudio\project\debug\programa.12c74402.tlog\link-cvtres.read.1.tlog
d:\documentos\practica 6\programacionaudio\project\debug\programa.12c74402.tlog\link-cvtres.write.1.tlog
d:\documentos\practica 6\programacionaudio\project\debug\programa.12c74402.tlog\link-rc.read.1.tlog
d:\documentos\practica 6\programacionaudio\project\debug\programa.12c74402.tlog\link-rc.write.1.tlog
d:\documentos\practica 6\programacionaudio\project\debug\programa.12c74402.tlog\link.command.1.tlog
d:\documentos\practica 6\programacionaudio\project\debug\programa.12c74402.tlog\link.read.1.tlog
d:\documentos\practica 6\programacionaudio\project\debug\programa.12c74402.tlog\link.write.1.tlog
